[ 2018-06-04T16:10:39+08:00 ] ::1 /Storeaccess/index.php/Storeaccess/index/index
INFO: [ app_init ] --START--
INFO: Run Behavior\BuildLiteBehavior [ RunTime:0.000007s ]
INFO: [ app_init ] --END-- [ RunTime:0.000201s ]
ERR: 无法加载模块:Storeaccess

[ 2018-06-04T17:35:29+08:00 ] ::1 /Storeaccess/index.php/Storeaccess/index/index
INFO: [ app_init ] --START--
INFO: Run Behavior\BuildLiteBehavior [ RunTime:0.000010s ]
INFO: [ app_init ] --END-- [ RunTime:0.000296s ]
ERR: 无法加载模块:Storeaccess

[ 2018-06-04T17:35:29+08:00 ] ::1 /Storeaccess/index.php/Storeaccess/index/index
INFO: [ app_init ] --START--
INFO: Run Behavior\BuildLiteBehavior [ RunTime:0.000011s ]
INFO: [ app_init ] --END-- [ RunTime:0.000295s ]
ERR: 无法加载模块:Storeaccess

[ 2018-06-04T17:35:29+08:00 ] ::1 /Storeaccess/index.php/Storeaccess/index/index
INFO: [ app_init ] --START--
INFO: Run Behavior\BuildLiteBehavior [ RunTime:0.000007s ]
INFO: [ app_init ] --END-- [ RunTime:0.000225s ]
ERR: 无法加载模块:Storeaccess

[ 2018-06-04T17:35:29+08:00 ] ::1 /Storeaccess/index.php/Storeaccess/index/index
INFO: [ app_init ] --START--
INFO: Run Behavior\BuildLiteBehavior [ RunTime:0.000008s ]
INFO: [ app_init ] --END-- [ RunTime:0.000289s ]
ERR: 无法加载模块:Storeaccess

[ 2018-06-04T17:35:30+08:00 ] ::1 /Storeaccess/index.php/Storeaccess/index/index
INFO: [ app_init ] --START--
INFO: Run Behavior\BuildLiteBehavior [ RunTime:0.000008s ]
INFO: [ app_init ] --END-- [ RunTime:0.000311s ]
ERR: 无法加载模块:Storeaccess

[ 2018-06-04T17:35:30+08:00 ] ::1 /Storeaccess/index.php/Storeaccess/index/index
INFO: [ app_init ] --START--
INFO: Run Behavior\BuildLiteBehavior [ RunTime:0.000009s ]
INFO: [ app_init ] --END-- [ RunTime:0.000258s ]
ERR: 无法加载模块:Storeaccess

[ 2018-06-04T17:35:30+08:00 ] ::1 /Storeaccess/index.php/Storeaccess/index/index
INFO: [ app_init ] --START--
INFO: Run Behavior\BuildLiteBehavior [ RunTime:0.000007s ]
INFO: [ app_init ] --END-- [ RunTime:0.000221s ]
ERR: 无法加载模块:Storeaccess

[ 2018-06-04T17:35:30+08:00 ] ::1 /Storeaccess/index.php/Storeaccess/index/index
INFO: [ app_init ] --START--
INFO: Run Behavior\BuildLiteBehavior [ RunTime:0.000008s ]
INFO: [ app_init ] --END-- [ RunTime:0.000313s ]
ERR: 无法加载模块:Storeaccess

[ 2018-06-04T17:35:30+08:00 ] ::1 /Storeaccess/index.php/Storeaccess/index/index
INFO: [ app_init ] --START--
INFO: Run Behavior\BuildLiteBehavior [ RunTime:0.000129s ]
INFO: [ app_init ] --END-- [ RunTime:0.000831s ]
ERR: 无法加载模块:Storeaccess

[ 2018-06-04T17:35:31+08:00 ] ::1 /Storeaccess/index.php/Storeaccess/index/index
INFO: [ app_init ] --START--
INFO: Run Behavior\BuildLiteBehavior [ RunTime:0.000007s ]
INFO: [ app_init ] --END-- [ RunTime:0.000265s ]
ERR: 无法加载模块:Storeaccess

[ 2018-06-04T17:35:31+08:00 ] ::1 /Storeaccess/index.php/Storeaccess/index/index
INFO: [ app_init ] --START--
INFO: Run Behavior\BuildLiteBehavior [ RunTime:0.000027s ]
INFO: [ app_init ] --END-- [ RunTime:0.000454s ]
ERR: 无法加载模块:Storeaccess

[ 2018-06-04T17:35:31+08:00 ] ::1 /Storeaccess/index.php/Storeaccess/index/index
INFO: [ app_init ] --START--
INFO: Run Behavior\BuildLiteBehavior [ RunTime:0.000012s ]
INFO: [ app_init ] --END-- [ RunTime:0.000360s ]
ERR: 无法加载模块:Storeaccess

